 5997.123   2.220333252e+02   2.248074036e+02   2.267727051e+02   2.283154755e+02   2.295941620e+02   2.306900787e+02   2.316521759e+02   2.325088806e+02   2.332827759e+02   2.339890594e+02 
 6051.562   2.214221954e+02   2.231755219e+02   2.245573730e+02   2.257065582e+02   2.267001801e+02   2.275794525e+02   2.283697052e+02   2.290881042e+02   2.297470551e+02   2.303558807e+02 
 6106.999   2.223223267e+02   2.255848236e+02   2.278448334e+02   2.295896606e+02   2.310192108e+02   2.322318726e+02   2.332878113e+02   2.342242279e+02   2.350663452e+02   2.358320770e+02 
 6163.460   2.212680206e+02   2.240576935e+02   2.260686188e+02   2.276506348e+02   2.289609070e+02   2.300822144e+02   2.310648651e+02   2.319387360e+02   2.327270660e+02   2.334456482e+02 
 6220.975   2.252621918e+02   2.298957520e+02   2.328417816e+02   2.350253906e+02   2.367701263e+02   2.382272034e+02   2.394803619e+02   2.405810242e+02   2.415631561e+02   2.424504089e+02 
 6279.574   2.276020355e+02   2.329828949e+02   2.363139954e+02   2.387461090e+02   2.406685638e+02   2.422612610e+02   2.436225586e+02   2.448122711e+02   2.458695374e+02   2.468214111e+02 
 6339.288   2.229859009e+02   2.269682770e+02   2.296511993e+02   2.316669159e+02   2.332849884e+02   2.346390991e+02   2.358051910e+02   2.368304749e+02   2.377462769e+02   2.385744324e+02 
 6400.147   2.205279541e+02   2.224197540e+02   2.239355774e+02   2.251583862e+02   2.261880341e+02   2.270829010e+02   2.278779449e+02   2.285955353e+02   2.292519073e+02   2.298557281e+02 
 6462.188   2.208272400e+02   2.230513916e+02   2.247280273e+02   2.260767365e+02   2.272122345e+02   2.281961823e+02   2.290669250e+02   2.298470154e+02   2.305549011e+02   2.312031403e+02 
 6525.442   2.206448059e+02   2.228767090e+02   2.245384216e+02   2.258552704e+02   2.269552765e+02   2.279054871e+02   2.287458954e+02   2.294994202e+02   2.301842651e+02   2.308126221e+02 
 6589.947   2.209333801e+02   2.230284119e+02   2.246058044e+02   2.258779755e+02   2.269512634e+02   2.278838501e+02   2.287081909e+02   2.294486389e+02   2.301212769e+02   2.307378998e+02 
 6655.740   2.207565002e+02   2.227045593e+02   2.241859131e+02   2.253775024e+02   2.263842316e+02   2.272625580e+02   2.280425415e+02   2.287466125e+02   2.293892517e+02   2.299809875e+02 
 6722.860   2.244220581e+02   2.281438904e+02   2.306344299e+02   2.325180206e+02   2.340384064e+02   2.353163910e+02   2.364207153e+02   2.373943481e+02   2.382658844e+02   2.390554199e+02 
 6791.348   2.244163818e+02   2.280017700e+02   2.304235229e+02   2.322587280e+02   2.337406464e+02   2.349862213e+02   2.360623474e+02   2.370109100e+02   2.378598633e+02   2.386288147e+02 
 6861.245   2.242396851e+02   2.274037933e+02   2.295995941e+02   2.312965851e+02   2.326840057e+02   2.338596191e+02   2.348809814e+02   2.357848663e+02   2.365962524e+02   2.373328552e+02 
 6932.596   2.295911865e+02   2.339873810e+02   2.367659607e+02   2.388163300e+02   2.404485779e+02   2.418082886e+02   2.429757385e+02   2.440000916e+02   2.449136047e+02   2.457386932e+02 
 7005.447   2.288919830e+02   2.330769806e+02   2.357652435e+02   2.377682037e+02   2.393718109e+02   2.407124939e+02   2.418664246e+02   2.428805847e+02   2.437860260e+02   2.446044464e+02 
 7079.846   2.329862366e+02   2.374908295e+02   2.403153534e+02   2.423946838e+02   2.440489655e+02   2.454272461e+02   2.466112518e+02   2.476508026e+02   2.485799408e+02   2.494181061e+02 
 7155.841   2.303987885e+02   2.345669556e+02   2.372224884e+02   2.391907349e+02   2.407624207e+02   2.420748138e+02   2.432039337e+02   2.441963043e+02   2.450825958e+02   2.458840485e+02 
 7233.486   2.359153442e+02   2.408639374e+02   2.439369202e+02   2.461915741e+02   2.479820709e+02   2.494685211e+02   2.507428436e+02   2.518596344e+02   2.528546906e+02   2.537527771e+02 
 7312.834   2.330650330e+02   2.378074341e+02   2.407813873e+02   2.429698334e+02   2.447091980e+02   2.461560974e+02   2.473967743e+02   2.484850922e+02   2.494532013e+02   2.503266907e+02 
 7393.943   2.361781769e+02   2.424073639e+02   2.464022827e+02   2.493657532e+02   2.517249146e+02   2.536856842e+02   2.553613434e+02   2.568214417e+02   2.581119385e+02   2.592650452e+02 
 7476.871   2.364482117e+02   2.421197357e+02   2.456659393e+02   2.482951355e+02   2.503963623e+02   2.521488190e+02   2.536489258e+02   2.549560699e+02   2.561100769e+02   2.571394043e+02 
 7561.680   2.396287537e+02   2.463164368e+02   2.503321075e+02   2.531997223e+02   2.554184265e+02   2.572148438e+02   2.587133789e+02   2.599908752e+02   2.610983582e+02   2.620715637e+02 
 7648.435   2.299481659e+02   2.350239105e+02   2.386359253e+02   2.414866028e+02   2.438500824e+02   2.458661957e+02   2.476209869e+02   2.491691284e+02   2.505526886e+02   2.518013763e+02 
 7737.205   2.301913605e+02   2.379306793e+02   2.432013245e+02   2.471339264e+02   2.502249146e+02   2.527416534e+02   2.548441315e+02   2.566366272e+02   2.581903992e+02   2.595557861e+02 
 7828.059   2.294213562e+02   2.377776337e+02   2.435282440e+02   2.477660522e+02   2.510433502e+02   2.536734619e+02   2.558442841e+02   2.576759949e+02   2.592490234e+02   2.606194458e+02 
 7921.072   2.355526886e+02   2.437771759e+02   2.489512177e+02   2.526390533e+02   2.554438782e+02   2.576697388e+02   2.594922791e+02   2.610211182e+02   2.623286133e+02   2.634644470e+02 
 8016.322   2.503206177e+02   2.592190857e+02   2.640355835e+02   2.671522827e+02   2.693736572e+02   2.710615540e+02   2.724027100e+02   2.735043945e+02   2.744325867e+02   2.752303162e+02 
 8113.891   2.662289734e+02   2.727160950e+02   2.759237671e+02   2.778850708e+02   2.792203064e+02   2.801936951e+02   2.809382629e+02   2.815256653e+02   2.820060425e+02   2.824061890e+02 
 8213.864   2.641939697e+02   2.705338440e+02   2.737562866e+02   2.757817993e+02   2.771946411e+02   2.782459717e+02   2.790643005e+02   2.797229919e+02   2.802671204e+02   2.807261047e+02 
 8316.332   2.746999817e+02   2.796959229e+02   2.818154602e+02   2.830211182e+02   2.838133850e+02   2.843805847e+02   2.848100891e+02   2.851483765e+02   2.854226685e+02   2.856500854e+02 
 8421.389   2.703779907e+02   2.765192566e+02   2.794068909e+02   2.811310730e+02   2.822820435e+02   2.831098633e+02   2.837337036e+02   2.842209778e+02   2.846121826e+02   2.849332581e+02 
 8529.134   2.690206299e+02   2.751781006e+02   2.779250793e+02   2.795344543e+02   2.806111145e+02   2.813918152e+02   2.819869690e+02   2.824629211e+02   2.828537598e+02   2.831823730e+02 
 8639.672   2.714004822e+02   2.774322510e+02   2.802369690e+02   2.818786621e+02   2.829596252e+02   2.837250671e+02   2.842955322e+02   2.847370605e+02   2.850889282e+02   2.853759155e+02 
 8753.112   2.716807861e+02   2.773053284e+02   2.797501831e+02   2.811608276e+02   2.820939026e+02   2.827686462e+02   2.832842712e+02   2.836947632e+02   2.840316467e+02   2.843146362e+02 
 8869.572   2.745483093e+02   2.795831909e+02   2.818080139e+02   2.830823059e+02   2.839189453e+02   2.845132751e+02   2.849589539e+02   2.853064270e+02   2.855853577e+02   2.858144836e+02 
 8989.173   2.750580750e+02   2.800440369e+02   2.821936035e+02   2.834122620e+02   2.842083130e+02   2.847716675e+02   2.851927795e+02   2.855201721e+02   2.857823792e+02   2.859972839e+02 
 9112.043   2.751750488e+02   2.800550842e+02   2.820744019e+02   2.832199707e+02   2.839775085e+02   2.845220642e+02   2.849356995e+02   2.852621155e+02   2.855271301e+02   2.857470398e+02 
 9238.318   2.719718628e+02   2.783899536e+02   2.811748352e+02   2.827284546e+02   2.837205505e+02   2.844083557e+02   2.849132080e+02   2.852994690e+02   2.856045227e+02   2.858515320e+02 
 9368.144   2.537824707e+02   2.613981934e+02   2.659436035e+02   2.689993591e+02   2.711902466e+02   2.728360596e+02   2.741191711e+02   2.751516724e+02   2.760043640e+02   2.767242432e+02 
 9501.670   2.341449738e+02   2.356731110e+02   2.389184113e+02   2.421324921e+02   2.449557953e+02   2.473735504e+02   2.494522552e+02   2.512622528e+02   2.528601227e+02   2.542881317e+02 
 9639.058   2.376627655e+02   2.412988129e+02   2.454483337e+02   2.489002686e+02   2.517288208e+02   2.541012115e+02   2.561374512e+02   2.579171143e+02   2.594940796e+02   2.609062500e+02 
 9780.478   2.336418915e+02   2.395800171e+02   2.451975555e+02   2.496294861e+02   2.531005859e+02   2.558716888e+02   2.581376038e+02   2.600324097e+02   2.616475220e+02   2.630461731e+02 
 9926.108   2.460893250e+02   2.557642670e+02   2.614352722e+02   2.652576904e+02   2.680040588e+02   2.700714417e+02   2.716857605e+02   2.729851074e+02   2.740576172e+02   2.749617004e+02 
10076.143   2.683286438e+02   2.757507935e+02   2.789608154e+02   2.808065186e+02   2.820220337e+02   2.828884277e+02   2.835391846e+02   2.840437317e+02   2.844505615e+02   2.847844543e+02 
10230.781   2.757201843e+02   2.808090515e+02   2.829274292e+02   2.840987549e+02   2.848400269e+02   2.853553162e+02   2.857333984e+02   2.860226746e+02   2.862511902e+02   2.864362488e+02 
10390.241   2.799295349e+02   2.835750122e+02   2.849886169e+02   2.857411499e+02   2.862079773e+02   2.865258789e+02   2.867562561e+02   2.869309082e+02   2.870678711e+02   2.871781616e+02 
10554.751   2.782858276e+02   2.823779907e+02   2.840721436e+02   2.849988098e+02   2.855863342e+02   2.859915466e+02   2.862879333e+02   2.865141602e+02   2.866925049e+02   2.868367310e+02 
10724.555   2.807192383e+02   2.840099487e+02   2.852872009e+02   2.859681702e+02   2.863910522e+02   2.866791687e+02   2.868881226e+02   2.870466003e+02   2.871708984e+02   2.872710266e+02 
10899.911   2.804533997e+02   2.836909790e+02   2.850058594e+02   2.857209778e+02   2.861746521e+02   2.864876099e+02   2.867166443e+02   2.868915405e+02   2.870295105e+02   2.871411438e+02 
11081.098   2.803864746e+02   2.836261597e+02   2.849275208e+02   2.856376343e+02   2.860910950e+02   2.864062805e+02   2.866386108e+02   2.868171387e+02   2.869587708e+02   2.870739136e+02 
11268.410   2.789385071e+02   2.825655212e+02   2.840809326e+02   2.849322205e+02   2.854839478e+02   2.858697815e+02   2.861594849e+02   2.863842163e+02   2.865638428e+02   2.867108154e+02 
11462.165   2.789739990e+02   2.826046753e+02   2.841126404e+02   2.849568176e+02   2.855030212e+02   2.858879089e+02   2.861748352e+02   2.863940735e+02   2.865719299e+02   2.867174988e+02 
11662.700   2.776121826e+02   2.814196777e+02   2.831044922e+02   2.840899658e+02   2.847465820e+02   2.852185974e+02   2.855754395e+02   2.858552246e+02   2.860806885e+02   2.862664185e+02 
11870.377   2.777764282e+02   2.818200684e+02   2.835388184e+02   2.845083923e+02   2.851369629e+02   2.855796204e+02   2.859091492e+02   2.861643372e+02   2.863680420e+02   2.865344543e+02 
12085.585   2.775043640e+02   2.817612610e+02   2.835712891e+02   2.845821838e+02   2.852293396e+02   2.856796875e+02   2.860113220e+02   2.862658081e+02   2.864673157e+02   2.866307983e+02 
12308.741   2.743244019e+02   2.793752747e+02   2.816155396e+02   2.829150085e+02   2.837741699e+02   2.843880920e+02   2.848501282e+02   2.852111206e+02   2.855012207e+02   2.857396545e+02 
12540.294   2.644886475e+02   2.708543091e+02   2.741613464e+02   2.762511902e+02   2.777081909e+02   2.787893372e+02   2.796276855e+02   2.802995605e+02   2.808520203e+02   2.813157654e+02 
12780.727   2.673925476e+02   2.739217529e+02   2.769614868e+02   2.787573242e+02   2.799623718e+02   2.808383484e+02   2.815109863e+02   2.820484314e+02   2.824908752e+02   2.828636169e+02 
13030.561   2.614821777e+02   2.701984558e+02   2.745572205e+02   2.772039795e+02   2.789874268e+02   2.802720947e+02   2.812419739e+02   2.820002747e+02   2.826095276e+02   2.831097412e+02 
13290.356   2.434583282e+02   2.522506714e+02   2.575537415e+02   2.612076111e+02   2.639175720e+02   2.660346985e+02   2.677511292e+02   2.691818542e+02   2.704000854e+02   2.714547119e+02 
13560.725   2.276396790e+02   2.333043823e+02   2.376530609e+02   2.411911926e+02   2.441791534e+02   2.467563629e+02   2.490101166e+02   2.510012817e+02   2.527751465e+02   2.543666992e+02 
13842.322   2.259423065e+02   2.292189484e+02   2.324132843e+02   2.351820374e+02   2.375900269e+02   2.397063141e+02   2.415829468e+02   2.432594299e+02   2.447667389e+02   2.461298218e+02 
14135.864   2.230176697e+02   2.227489777e+02   2.237905273e+02   2.250899506e+02   2.264138794e+02   2.276998291e+02   2.289304657e+02   2.301025085e+02   2.312174377e+02   2.322783508e+02 
14442.127   2.286474304e+02   2.256679688e+02   2.241552124e+02   2.232427216e+02   2.226662140e+02   2.223025208e+02   2.220823212e+02   2.219626312e+02   2.219152374e+02   2.219209442e+02 
14761.957   2.335125580e+02   2.297300262e+02   2.276769104e+02   2.263397827e+02   2.253853760e+02   2.246630554e+02   2.240933685e+02   2.236299591e+02   2.232438812e+02   2.229161377e+02 
15096.274   2.380209045e+02   2.350497589e+02   2.332082825e+02   2.318775177e+02   2.308457947e+02   2.300112457e+02   2.293161011e+02   2.287243042e+02   2.282118225e+02   2.277619171e+02 
15446.088   2.317076263e+02   2.282724152e+02   2.264448090e+02   2.252674561e+02   2.244332275e+02   2.238087006e+02   2.233264771e+02   2.229487610e+02   2.226524506e+02   2.224221954e+02 
15812.500   2.235606995e+02   2.219395294e+02   2.217445831e+02   2.220224609e+02   2.224911194e+02   2.230465546e+02   2.236443939e+02   2.242630615e+02   2.248908844e+02   2.255209198e+02 
16196.722   2.241071014e+02   2.270381470e+02   2.298168640e+02   2.322537689e+02   2.343973846e+02   2.363013611e+02   2.380085449e+02   2.395518646e+02   2.409566498e+02   2.422428131e+02 
16600.082   2.248588257e+02   2.305520477e+02   2.348851624e+02   2.383649445e+02   2.412686768e+02   2.437550201e+02   2.459234314e+02   2.478406830e+02   2.495540771e+02   2.510985260e+02 
17024.051   2.337348022e+02   2.403825073e+02   2.445832367e+02   2.476474457e+02   2.500551910e+02   2.520315552e+02   2.537037506e+02   2.551419830e+02   2.564013367e+02   2.575177002e+02 
17470.248   2.418753052e+02   2.483179932e+02   2.520872650e+02   2.547585449e+02   2.568272705e+02   2.585181885e+02   2.599476318e+02   2.611842651e+02   2.622719116e+02   2.632405396e+02 
17940.467   2.504703522e+02   2.566362000e+02   2.602949829e+02   2.629212952e+02   2.649689941e+02   2.666377869e+02   2.680353699e+02   2.692279663e+02   2.702601013e+02   2.711634521e+02 
18436.703   2.449228363e+02   2.504473267e+02   2.537966309e+02   2.562300720e+02   2.581513062e+02   2.597413940e+02   2.610970154e+02   2.622760315e+02   2.633162842e+02   2.642440491e+02 
18961.180   2.486459351e+02   2.541725464e+02   2.575237732e+02   2.599599915e+02   2.618846741e+02   2.634783936e+02   2.648373718e+02   2.660191345e+02   2.670613403e+02   2.679901733e+02 
19516.375   2.408667908e+02   2.458195953e+02   2.488457794e+02   2.510456543e+02   2.527861633e+02   2.542314301e+02   2.554701233e+02   2.565554810e+02   2.575219421e+02   2.583930359e+02 
20105.072   2.445343323e+02   2.496381531e+02   2.527353668e+02   2.549848022e+02   2.567605591e+02   2.582323914e+02   2.594916687e+02   2.605931702e+02   2.615722046e+02   2.624528503e+02 
20730.396   2.441637573e+02   2.494365234e+02   2.526397705e+02   2.549647064e+02   2.567983093e+02   2.583167114e+02   2.596152039e+02   2.607509460e+02   2.617609253e+02   2.626704712e+02 
21395.881   2.397906189e+02   2.446338654e+02   2.475926056e+02   2.497397614e+02   2.514340515e+02   2.528372498e+02   2.540371857e+02   2.550868835e+02   2.560209045e+02   2.568630066e+02 
22105.520   2.374089813e+02   2.420787964e+02   2.449596405e+02   2.470563660e+02   2.487134247e+02   2.500868988e+02   2.512619476e+02   2.522901611e+02   2.532052460e+02   2.540304565e+02 
22863.861   2.377287598e+02   2.426722717e+02   2.457173157e+02   2.479405365e+02   2.496990051e+02   2.511574097e+02   2.524056854e+02   2.534983826e+02   2.544711761e+02   2.553486176e+02 
23676.100   2.318696442e+02   2.359152527e+02   2.385183868e+02   2.404517822e+02   2.419976959e+02   2.432815857e+02   2.443833466e+02   2.453491821e+02   2.462096252e+02   2.469859161e+02 
24548.193   2.409333649e+02   2.460562286e+02   2.492040253e+02   2.514979706e+02   2.533093262e+02   2.548090210e+02   2.560903931e+02   2.572101440e+02   2.582053528e+02   2.591015930e+02 
